# JRE version: Java(TM) SE Runtime Environment (8.0_121-b13) (build 1.8.0_121-b13)
# Java VM: Java HotSpot(TM) 64-Bit Server VM (25.121-b13 mixed mode linux-amd64 compressed oops)
Heap:
 PSYoungGen      total 359424K, used 133392K [0x00000000d6d80000, 0x0000000100000000, 0x0000000100000000)
  eden space 224768K, 0% used [0x00000000d6d80000,0x00000000d6d80000,0x00000000e4900000)
  from space 134656K, 99% used [0x00000000f7c80000,0x00000000ffec4048,0x0000000100000000)
  to   space 224768K, 0% used [0x00000000e4900000,0x00000000e4900000,0x00000000f2480000)
 ParOldGen       total 579072K, used 578622K [0x0000000084800000, 0x00000000a7d80000, 0x00000000d6d80000)
  object space 579072K, 99% used [0x0000000084800000,0x00000000a7d0fa70,0x00000000a7d80000)
 Metaspace       used 40686K, capacity 42320K, committed 42456K, reserved 1085440K
  class space    used 5186K, capacity 5588K, committed 5632K, reserved 1048576K
GC Heap History (10 events):
Event: 25.812 GC heap after
Heap after GC invocations=22 (full 3):
 PSYoungGen      total 582656K, used 9480K [0x00000000d6d80000, 0x00000000ffa00000, 0x0000000100000000)
  eden space 572928K, 0% used [0x00000000d6d80000,0x00000000d6d80000,0x00000000f9d00000)
  from space 9728K, 97% used [0x00000000f9d00000,0x00000000fa6422d0,0x00000000fa680000)
  to   space 47616K, 0% used [0x00000000fcb80000,0x00000000fcb80000,0x00000000ffa00000)
 ParOldGen       total 240640K, used 161327K [0x0000000084800000, 0x0000000093300000, 0x00000000d6d80000)
  object space 240640K, 67% used [0x0000000084800000,0x000000008e58bd50,0x0000000093300000)
 Metaspace       used 40669K, capacity 42256K, committed 42456K, reserved 1085440K
  class space    used 5186K, capacity 5588K, committed 5632K, reserved 1048576K
}
Event: 27.001 GC heap before
{Heap before GC invocations=23 (full 3):
 PSYoungGen      total 582656K, used 582408K [0x00000000d6d80000, 0x00000000ffa00000, 0x0000000100000000)
  eden space 572928K, 100% used [0x00000000d6d80000,0x00000000f9d00000,0x00000000f9d00000)
  from space 9728K, 97% used [0x00000000f9d00000,0x00000000fa6422d0,0x00000000fa680000)
  to   space 47616K, 0% used [0x00000000fcb80000,0x00000000fcb80000,0x00000000ffa00000)
 ParOldGen       total 240640K, used 161327K [0x0000000084800000, 0x0000000093300000, 0x00000000d6d80000)
  object space 240640K, 67% used [0x0000000084800000,0x000000008e58bd50,0x0000000093300000)
 Metaspace       used 40671K, capacity 42256K, committed 42456K, reserved 1085440K
  class space    used 5186K, capacity 5588K, committed 5632K, reserved 1048576K
Event: 39.081 GC heap after
Heap after GC invocations=23 (full 3):
 PSYoungGen      total 452608K, used 47603K [0x00000000d6d80000, 0x0000000100000000, 0x0000000100000000)
  eden space 404992K, 0% used [0x00000000d6d80000,0x00000000d6d80000,0x00000000ef900000)
  from space 47616K, 99% used [0x00000000fcb80000,0x00000000ff9fcfb0,0x00000000ffa00000)
  to   space 134656K, 0% used [0x00000000ef900000,0x00000000ef900000,0x00000000f7c80000)
 ParOldGen       total 375296K, used 374492K [0x0000000084800000, 0x000000009b680000, 0x00000000d6d80000)
  object space 375296K, 99% used [0x0000000084800000,0x000000009b5b7128,0x000000009b680000)
 Metaspace       used 40671K, capacity 42256K, committed 42456K, reserved 1085440K
  class space    used 5186K, capacity 5588K, committed 5632K, reserved 1048576K
}
Event: 41.131 GC heap before
{Heap before GC invocations=24 (full 4):
 PSYoungGen      total 452608K, used 47603K [0x00000000d6d80000, 0x0000000100000000, 0x0000000100000000)
  eden space 404992K, 0% used [0x00000000d6d80000,0x00000000d6d80000,0x00000000ef900000)
  from space 47616K, 99% used [0x00000000fcb80000,0x00000000ff9fcfb0,0x00000000ffa00000)
  to   space 134656K, 0% used [0x00000000ef900000,0x00000000ef900000,0x00000000f7c80000)
 ParOldGen       total 375296K, used 374492K [0x0000000084800000, 0x000000009b680000, 0x00000000d6d80000)
  object space 375296K, 99% used [0x0000000084800000,0x000000009b5b7128,0x000000009b680000)
 Metaspace       used 40671K, capacity 42256K, committed 42456K, reserved 1085440K
  class space    used 5186K, capacity 5588K, committed 5632K, reserved 1048576K
Event: 48.470 GC heap after
Heap after GC invocations=24 (full 4):
 PSYoungGen      total 452608K, used 0K [0x00000000d6d80000, 0x0000000100000000, 0x0000000100000000)
  eden space 404992K, 0% used [0x00000000d6d80000,0x00000000d6d80000,0x00000000ef900000)
  from space 47616K, 0% used [0x00000000fcb80000,0x00000000fcb80000,0x00000000ffa00000)
  to   space 134656K, 0% used [0x00000000ef900000,0x00000000ef900000,0x00000000f7c80000)
 ParOldGen       total 515072K, used 330475K [0x0000000084800000, 0x00000000a3f00000, 0x00000000d6d80000)
  object space 515072K, 64% used [0x0000000084800000,0x0000000098abaf78,0x00000000a3f00000)
 Metaspace       used 40671K, capacity 42256K, committed 42456K, reserved 1085440K
  class space    used 5186K, capacity 5588K, committed 5632K, reserved 1048576K
}
Event: 49.206 GC heap before
{Heap before GC invocations=25 (full 4):
 PSYoungGen      total 452608K, used 404992K [0x00000000d6d80000, 0x0000000100000000, 0x0000000100000000)
  eden space 404992K, 100% used [0x00000000d6d80000,0x00000000ef900000,0x00000000ef900000)
  from space 47616K, 0% used [0x00000000fcb80000,0x00000000fcb80000,0x00000000ffa00000)
  to   space 134656K, 0% used [0x00000000ef900000,0x00000000ef900000,0x00000000f7c80000)
 ParOldGen       total 515072K, used 330475K [0x0000000084800000, 0x00000000a3f00000, 0x00000000d6d80000)
  object space 515072K, 64% used [0x0000000084800000,0x0000000098abaf78,0x00000000a3f00000)
 Metaspace       used 40680K, capacity 42320K, committed 42456K, reserved 1085440K
  class space    used 5186K, capacity 5588K, committed 5632K, reserved 1048576K
Event: 51.690 GC heap after
Heap after GC invocations=25 (full 4):
 PSYoungGen      total 539648K, used 134656K [0x00000000d6d80000, 0x0000000100000000, 0x0000000100000000)
  eden space 404992K, 0% used [0x00000000d6d80000,0x00000000d6d80000,0x00000000ef900000)
  from space 134656K, 100% used [0x00000000ef900000,0x00000000f7c80000,0x00000000f7c80000)
  to   space 134656K, 0% used [0x00000000f7c80000,0x00000000f7c80000,0x0000000100000000)
 ParOldGen       total 515072K, used 385371K [0x0000000084800000, 0x00000000a3f00000, 0x00000000d6d80000)
  object space 515072K, 74% used [0x0000000084800000,0x000000009c056f78,0x00000000a3f00000)
 Metaspace       used 40680K, capacity 42320K, committed 42456K, reserved 1085440K
  class space    used 5186K, capacity 5588K, committed 5632K, reserved 1048576K
}
Event: 52.400 GC heap before
{Heap before GC invocations=26 (full 4):
 PSYoungGen      total 539648K, used 539648K [0x00000000d6d80000, 0x0000000100000000, 0x0000000100000000)
  eden space 404992K, 100% used [0x00000000d6d80000,0x00000000ef900000,0x00000000ef900000)
  from space 134656K, 100% used [0x00000000ef900000,0x00000000f7c80000,0x00000000f7c80000)
  to   space 134656K, 0% used [0x00000000f7c80000,0x00000000f7c80000,0x0000000100000000)
 ParOldGen       total 515072K, used 385371K [0x0000000084800000, 0x00000000a3f00000, 0x00000000d6d80000)
  object space 515072K, 74% used [0x0000000084800000,0x000000009c056f78,0x00000000a3f00000)
 Metaspace       used 40686K, capacity 42320K, committed 42456K, reserved 1085440K
  class space    used 5186K, capacity 5588K, committed 5632K, reserved 1048576K
Event: 82.670 GC heap after
Heap after GC invocations=26 (full 4):
 PSYoungGen      total 359424K, used 134656K [0x00000000d6d80000, 0x0000000100000000, 0x0000000100000000)
  eden space 224768K, 0% used [0x00000000d6d80000,0x00000000d6d80000,0x00000000e4900000)
  from space 134656K, 100% used [0x00000000f7c80000,0x0000000100000000,0x0000000100000000)
  to   space 224768K, 0% used [0x00000000e4900000,0x00000000e4900000,0x00000000f2480000)
 ParOldGen       total 579072K, used 578475K [0x0000000084800000, 0x00000000a7d80000, 0x00000000d6d80000)
  object space 579072K, 99% used [0x0000000084800000,0x00000000a7ceaf78,0x00000000a7d80000)
 Metaspace       used 40686K, capacity 42320K, committed 42456K, reserved 1085440K
  class space    used 5186K, capacity 5588K, committed 5632K, reserved 1048576K
}
Event: 83.132 GC heap before
{Heap before GC invocations=27 (full 5):
 PSYoungGen      total 359424K, used 134656K [0x00000000d6d80000, 0x0000000100000000, 0x0000000100000000)
  eden space 224768K, 0% used [0x00000000d6d80000,0x00000000d6d80000,0x00000000e4900000)
  from space 134656K, 100% used [0x00000000f7c80000,0x0000000100000000,0x0000000100000000)
  to   space 224768K, 0% used [0x00000000e4900000,0x00000000e4900000,0x00000000f2480000)
 ParOldGen       total 579072K, used 578475K [0x0000000084800000, 0x00000000a7d80000, 0x00000000d6d80000)
  object space 579072K, 99% used [0x0000000084800000,0x00000000a7ceaf78,0x00000000a7d80000)
 Metaspace       used 40686K, capacity 42320K, committed 42456K, reserved 1085440K
  class space    used 5186K, capacity 5588K, committed 5632K, reserved 1048576K

